<?xml version="1.0" encoding="UTF-8" ?>
<testsuite errors="0" failures="1" hostname="IPG" name="org.netbeans.modules.compapp.catd.ConfiguredTest" tests="1" time="30.094" timestamp="2007-11-26T03:52:14">
  <properties>
[...]
</properties>
  <testcase classname="org.netbeans.modules.compapp.catd.ConfiguredTest" name="TestReservation" time="30.047">
    <failure message=" Passed. Threads count Success: &lt;0&gt; Error: &lt;0&gt; Not completed: &lt;1&gt;
Details: 
&lt;Concurrent test thread 0&gt; did not complete. Success rate 0/1 
" type="junit.framework.AssertionFailedError">junit.framework.AssertionFailedError:  Passed. Threads count Success: &lt;0&gt; Error: &lt;0&gt; Not completed: &lt;1&gt;
Details: 
&lt;Concurrent test thread 0&gt; did not complete. Success rate 0/1 

	at org.netbeans.modules.compapp.catd.ConfiguredTest.testConcurrentSOAPRequest(ConfiguredTest.java:781)
</failure>
  </testcase>
  <system-out><![CDATA[{java.runtime.name=Java(TM) SE Runtime Environment, sun.boot.library.path=C:\Program Files\Java\jdk1.6.0_03\jre\bin, java.vm.version=1.6.0_03-b05, java.vm.vendor=Sun Microsystems Inc., java.vendor.url=http://java.sun.com/, path.separator=;, java.vm.name=Java HotSpot(TM) Client VM, file.encoding.pkg=sun.io, sun.java.launcher=SUN_STANDARD, user.country=US, sun.os.patch.level=Service Pack 2, java.vm.specification.name=Java Virtual Machine Specification, user.dir=E:\work\AirAlliance\AirAlliance_SA, java.runtime.version=1.6.0_03-b05, java.awt.graphicsenv=sun.awt.Win32GraphicsEnvironment, inDebug=${inDebug}, java.endorsed.dirs=C:\Program Files\Java\jdk1.6.0_03\jre\lib\endorsed, os.arch=x86, java.io.tmpdir=C:\DOCUME~1\TOSHIBA\LOCALS~1\Temp\, line.separator=
, java.vm.specification.vendor=Sun Microsystems Inc., user.variant=, os.name=Windows XP, sun.jnu.encoding=Cp1252, java.library.path=C:\Program Files\Java\jdk1.6.0_03\jre\bin;.;C:\WINDOWS\Sun\Java\bin;C:\WINDOWS\system32;C:\WINDOWS;C:\WINDOWS\system32;C:\WINDOWS;C:\WINDOWS\System32\Wbem, java.specification.name=Java Platform API Specification, java.class.version=50.0, sun.management.compiler=HotSpot Client Compiler, os.version=5.1, user.home=C:\Documents and Settings\TOSHIBA, user.timezone=America/Los_Angeles, java.awt.printerjob=sun.awt.windows.WPrinterJob, file.encoding=Cp1252, java.specification.version=1.6, java.class.path=C:\Program Files\NetBeans 6.1 200711210000\soa1\modules\org-netbeans-modules-compapp-manager-jbi.jar;C:\Program Files\NetBeans 6.1 200711210000\soa1\modules\ext\jbi\catd.jar;C:\Program Files\NetBeans 6.1 200711210000\soa1\modules\ext\jbi\xmlunit-1.0.jar;C:\Program Files\NetBeans 6.1 200711210000\java1\modules\ext\junit-3.8.2.jar;C:\Program Files\NetBeans 6.1 200711210000\java1\modules\ext\jaxws21\api\saaj-api.jar;C:\Program Files\NetBeans 6.1 200711210000\java1\modules\ext\jaxws21\saaj-impl.jar;C:\Program Files\NetBeans 6.1 200711210000\java1\modules\ext\jaxws21\FastInfoset.jar;C:\Program Files\NetBeans 6.1 200711210000\ide8\modules\org-netbeans-modules-xml-xdm.jar;C:\Program Files\NetBeans 6.1 200711210000\ide8\modules\org-netbeans-modules-xml-xam.jar;C:\Program Files\NetBeans 6.1 200711210000\ide8\modules\org-netbeans-modules-editor-lib.jar;C:\Program Files\NetBeans 6.1 200711210000\ide8\modules\org-netbeans-modules-xml-text.jar;C:\Program Files\NetBeans 6.1 200711210000\ide8\modules\org-netbeans-modules-editor.jar;C:\Program Files\NetBeans 6.1 200711210000\ide8\modules\org-netbeans-modules-editor-util.jar;C:\Program Files\NetBeans 6.1 200711210000\ide8\modules\org-netbeans-modules-xml-core.jar;C:\Program Files\NetBeans 6.1 200711210000\ide8\modules\org-netbeans-modules-editor-lib2.jar;C:\Program Files\NetBeans 6.1 200711210000\platform7\lib\org-openide-modules.jar;C:\Program Files\NetBeans 6.1 200711210000\platform7\lib\org-openide-util.jar;C:\Program Files\NetBeans 6.1 200711210000\platform7\modules\org-openide-options.jar;C:\Program Files\NetBeans 6.1 200711210000\platform7\modules\org-openide-text.jar;C:\Program Files\NetBeans 6.1 200711210000\platform7\modules\org-openide-loaders.jar;C:\Program Files\NetBeans 6.1 200711210000\platform7\modules\org-openide-nodes.jar;C:\Program Files\NetBeans 6.1 200711210000\platform7\modules\org-netbeans-modules-editor-mimelookup.jar;C:\Program Files\NetBeans 6.1 200711210000\platform7\core\org-openide-filesystems.jar;C:\Program Files\NetBeans 6.1 200711210000\java1\ant\lib\ant-launcher.jar;C:\Program Files\NetBeans 6.1 200711210000\java1\ant\lib\ant.jar;C:\Program Files\NetBeans 6.1 200711210000\java1\ant\lib\ant-junit.jar, user.name=TOSHIBA, java.vm.specification.version=1.0, java.home=C:\Program Files\Java\jdk1.6.0_03\jre, sun.arch.data.model=32, user.language=en, java.specification.vendor=Sun Microsystems Inc., NetBeansUserDir=C:\Documents and Settings\TOSHIBA\.netbeans\dev, awt.toolkit=sun.awt.windows.WToolkit, java.vm.info=mixed mode, sharing, java.version=1.6.0_03, java.ext.dirs=C:\Program Files\Java\jdk1.6.0_03\jre\lib\ext;C:\WINDOWS\Sun\Java\lib\ext, sun.boot.class.path=C:\Program Files\Java\jdk1.6.0_03\jre\lib\resources.jar;C:\Program Files\Java\jdk1.6.0_03\jre\lib\rt.jar;C:\Program Files\Java\jdk1.6.0_03\jre\lib\sunrsasign.jar;C:\Program Files\Java\jdk1.6.0_03\jre\lib\jsse.jar;C:\Program Files\Java\jdk1.6.0_03\jre\lib\jce.jar;C:\Program Files\Java\jdk1.6.0_03\jre\lib\charsets.jar;C:\Program Files\Java\jdk1.6.0_03\jre\classes, java.vendor=Sun Microsystems Inc., file.separator=\, java.vendor.url.bug=http://java.sun.com/cgi-bin/bugreport.cgi, sun.io.unicode.encoding=UnicodeLittle, sun.cpu.endian=little, sun.desktop=windows, sun.cpu.isalist=pentium_pro+mmx pentium_pro pentium+mmx pentium i486 i386 i86}
Test TestReservation\Concurrent.properties Failed.
]]></system-out>
  <system-err><![CDATA[]]></system-err>
</testsuite>
